2020-09-20 15:58:18.279 [main] INFO  checker.SeleniumAvailabilityChecker - SOLD_OUT : https://www.newegg.com/msi-geforce-rtx-3080-rtx-3080-gaming-x-trio-10g/p/N82E16814137597?Description=rtx%203080&cm_re=rtx_3080-_-14-137-597-_-Product&quicklink=true
2020-09-20 15:58:26.583 [main] INFO  checker.SeleniumAvailabilityChecker - AVAILABLE : https://www.newegg.com/p/N82E16811147305?Item=N82E16811147305&cm_sp=Homepage_SS-_-P0_11-147-305-_-09202020
2020-09-20 15:58:31.303 [main] INFO  checker.SeleniumAvailabilityChecker - SOLD_OUT : https://www.newegg.com/msi-geforce-rtx-3080-rtx-3080-gaming-x-trio-10g/p/N82E16814137597?Description=rtx%203080&cm_re=rtx_3080-_-14-137-597-_-Product&quicklink=true
2020-09-20 15:58:39.045 [main] INFO  checker.SeleniumAvailabilityChecker - AVAILABLE : https://www.newegg.com/p/N82E16811147305?Item=N82E16811147305&cm_sp=Homepage_SS-_-P0_11-147-305-_-09202020
2020-09-20 17:13:44.180 [main] INFO  checker.SeleniumAvailabilityChecker - SOLD_OUT : https://www.newegg.com/msi-geforce-rtx-3080-rtx-3080-gaming-x-trio-10g/p/N82E16814137597?Description=rtx%203080&cm_re=rtx_3080-_-14-137-597-_-Product&quicklink=true
2020-09-20 17:35:06.220 INFO  checker.SeleniumAvailabilityChecker - SOLD_OUT : https://www.newegg.com/msi-geforce-rtx-3080-rtx-3080-gaming-x-trio-10g/p/N82E16814137597?Description=rtx%203080&cm_re=rtx_3080-_-14-137-597-_-Product&quicklink=true
2020-09-20 17:35:13.566 INFO  checker.SeleniumAvailabilityChecker - AVAILABLE : https://www.newegg.com/p/N82E16811147305?Item=N82E16811147305&cm_sp=Homepage_SS-_-P0_11-147-305-_-09202020
2020-09-20 17:35:18.036 INFO  checker.SeleniumAvailabilityChecker - SOLD_OUT : https://www.newegg.com/msi-geforce-rtx-3080-rtx-3080-gaming-x-trio-10g/p/N82E16814137597?Description=rtx%203080&cm_re=rtx_3080-_-14-137-597-_-Product&quicklink=true
2020-09-20 17:35:25.451 INFO  checker.SeleniumAvailabilityChecker - AVAILABLE : https://www.newegg.com/p/N82E16811147305?Item=N82E16811147305&cm_sp=Homepage_SS-_-P0_11-147-305-_-09202020
2020-09-20 17:35:29.360 INFO  checker.SeleniumAvailabilityChecker - SOLD_OUT : https://www.newegg.com/msi-geforce-rtx-3080-rtx-3080-gaming-x-trio-10g/p/N82E16814137597?Description=rtx%203080&cm_re=rtx_3080-_-14-137-597-_-Product&quicklink=true
2020-09-20 17:40:05.825 INFO  checker.SeleniumAvailabilityChecker - SOLD_OUT : https://www.newegg.com/msi-geforce-rtx-3080-rtx-3080-gaming-x-trio-10g/p/N82E16814137597?Description=rtx%203080&cm_re=rtx_3080-_-14-137-597-_-Product&quicklink=true
2020-09-20 17:42:04.662 INFO  checker.SeleniumAvailabilityChecker - SOLD_OUT : https://www.newegg.com/msi-geforce-rtx-3080-rtx-3080-gaming-x-trio-10g/p/N82E16814137597?Description=rtx%203080&cm_re=rtx_3080-_-14-137-597-_-Product&quicklink=true
2020-09-20 17:42:12.467 INFO  checker.SeleniumAvailabilityChecker - AVAILABLE : https://www.newegg.com/p/N82E16811147305?Item=N82E16811147305&cm_sp=Homepage_SS-_-P0_11-147-305-_-09202020
2020-09-20 17:42:17.261 INFO  checker.SeleniumAvailabilityChecker - SOLD_OUT : https://www.newegg.com/msi-geforce-rtx-3080-rtx-3080-gaming-x-trio-10g/p/N82E16814137597?Description=rtx%203080&cm_re=rtx_3080-_-14-137-597-_-Product&quicklink=true
2020-09-20 17:50:07.265 INFO  checker.SeleniumAvailabilityChecker - SOLD_OUT : https://www.newegg.com/msi-geforce-rtx-3080-rtx-3080-gaming-x-trio-10g/p/N82E16814137597?Description=rtx%203080&cm_re=rtx_3080-_-14-137-597-_-Product&quicklink=true
2020-09-20 17:50:14.735 INFO  checker.SeleniumAvailabilityChecker - AVAILABLE : https://www.newegg.com/p/N82E16811147305?Item=N82E16811147305&cm_sp=Homepage_SS-_-P0_11-147-305-_-09202020
2020-09-20 18:32:06.628 INFO  checker.SeleniumAvailabilityChecker - SOLD_OUT : https://www.newegg.com/msi-geforce-rtx-3080-rtx-3080-gaming-x-trio-10g/p/N82E16814137597?Description=rtx%203080&cm_re=rtx_3080-_-14-137-597-_-Product&quicklink=true
2020-09-20 18:32:15.531 INFO  checker.SeleniumAvailabilityChecker - AVAILABLE : https://www.newegg.com/p/N82E16811147305?Item=N82E16811147305&cm_sp=Homepage_SS-_-P0_11-147-305-_-09202020
2020-09-20 18:33:22.879 INFO  checker.SeleniumAvailabilityChecker - SOLD_OUT : https://www.newegg.com/msi-geforce-rtx-3080-rtx-3080-gaming-x-trio-10g/p/N82E16814137597?Description=rtx%203080&cm_re=rtx_3080-_-14-137-597-_-Product&quicklink=true
2020-09-20 18:33:26.639 INFO  checker.SeleniumAvailabilityChecker - SOLD_OUT : https://www.newegg.com/msi-geforce-rtx-3080-rtx-3080-ventus-3x-10g-oc/p/N82E16814137598?Description=rtx%203080&cm_re=rtx_3080-_-14-137-598-_-Product&quicklink=true
2020-09-20 18:34:38.585 INFO  checker.SeleniumAvailabilityChecker - SOLD_OUT : https://www.newegg.com/msi-geforce-rtx-3080-rtx-3080-gaming-x-trio-10g/p/N82E16814137597?Description=rtx%203080&cm_re=rtx_3080-_-14-137-597-_-Product&quicklink=true
2020-09-20 18:34:41.758 INFO  checker.SeleniumAvailabilityChecker - SOLD_OUT : https://www.newegg.com/msi-geforce-rtx-3080-rtx-3080-ventus-3x-10g-oc/p/N82E16814137598?Description=rtx%203080&cm_re=rtx_3080-_-14-137-598-_-Product&quicklink=true
2020-09-20 18:34:45.074 INFO  checker.SeleniumAvailabilityChecker - SOLD_OUT : https://www.newegg.com/gigabyte-geforce-rtx-3080-gv-n3080gaming-oc-10gd/p/N82E16814932329?Description=rtx%203080&cm_re=rtx_3080-_-14-932-329-_-Product&quicklink=true
2020-09-20 18:42:55.683 INFO  checker.SeleniumAvailabilityChecker - SOLD_OUT : https://www.newegg.com/msi-geforce-rtx-3080-rtx-3080-gaming-x-trio-10g/p/N82E16814137597?Description=rtx%203080&cm_re=rtx_3080-_-14-137-597-_-Product&quicklink=true
2020-09-20 18:42:58.812 INFO  checker.SeleniumAvailabilityChecker - SOLD_OUT : https://www.newegg.com/msi-geforce-rtx-3080-rtx-3080-ventus-3x-10g-oc/p/N82E16814137598?Description=rtx%203080&cm_re=rtx_3080-_-14-137-598-_-Product&quicklink=true
2020-09-20 18:43:02.316 INFO  checker.SeleniumAvailabilityChecker - SOLD_OUT : https://www.newegg.com/gigabyte-geforce-rtx-3080-gv-n3080gaming-oc-10gd/p/N82E16814932329?Description=rtx%203080&cm_re=rtx_3080-_-14-932-329-_-Product&quicklink=true
2020-09-20 18:43:05.898 INFO  checker.SeleniumAvailabilityChecker - SOLD_OUT : https://www.newegg.com/gigabyte-geforce-rtx-3080-gv-n3080eagle-oc-10gd/p/N82E16814932330?Description=rtx%203080&cm_re=rtx_3080-_-14-932-330-_-Product
2020-09-20 18:43:09.270 INFO  checker.SeleniumAvailabilityChecker - SOLD_OUT : https://www.newegg.com/evga-geforce-rtx-3080-10g-p5-3881-kr/p/N82E16814487522?Description=rtx%203080&cm_re=rtx_3080-_-14-487-522-_-Product
2020-09-20 18:43:12.532 INFO  checker.SeleniumAvailabilityChecker - SOLD_OUT : https://www.newegg.com/zotac-geforce-rtx-3080-zt-a30800d-10p/p/N82E16814500502?Description=rtx%203080&cm_re=rtx_3080-_-14-500-502-_-Product
2020-09-20 18:43:16.138 INFO  checker.SeleniumAvailabilityChecker - SOLD_OUT : https://www.newegg.com/evga-geforce-rtx-3080-10g-p5-3883-kr/p/N82E16814487521?Description=rtx%203080&cm_re=rtx_3080-_-14-487-521-_-Product
2020-09-20 18:43:19.609 INFO  checker.SeleniumAvailabilityChecker - SOLD_OUT : https://www.newegg.com/asus-geforce-rtx-3080-tuf-rtx3080-10g-gaming/p/N82E16814126453?Description=rtx%203080&cm_re=rtx_3080-_-14-126-453-_-Product
2020-09-20 18:44:11.227 INFO  checker.SeleniumAvailabilityChecker - SOLD_OUT : https://www.newegg.com/msi-geforce-rtx-3080-rtx-3080-gaming-x-trio-10g/p/N82E16814137597?Description=rtx%203080&cm_re=rtx_3080-_-14-137-597-_-Product&quicklink=true
2020-09-20 18:44:14.557 INFO  checker.SeleniumAvailabilityChecker - SOLD_OUT : https://www.newegg.com/msi-geforce-rtx-3080-rtx-3080-ventus-3x-10g-oc/p/N82E16814137598?Description=rtx%203080&cm_re=rtx_3080-_-14-137-598-_-Product&quicklink=true
2020-09-20 18:44:17.906 INFO  checker.SeleniumAvailabilityChecker - SOLD_OUT : https://www.newegg.com/gigabyte-geforce-rtx-3080-gv-n3080gaming-oc-10gd/p/N82E16814932329?Description=rtx%203080&cm_re=rtx_3080-_-14-932-329-_-Product&quicklink=true
2020-09-20 18:44:20.931 INFO  checker.SeleniumAvailabilityChecker - SOLD_OUT : https://www.newegg.com/gigabyte-geforce-rtx-3080-gv-n3080eagle-oc-10gd/p/N82E16814932330?Description=rtx%203080&cm_re=rtx_3080-_-14-932-330-_-Product
2020-09-20 18:44:24.124 INFO  checker.SeleniumAvailabilityChecker - SOLD_OUT : https://www.newegg.com/evga-geforce-rtx-3080-10g-p5-3881-kr/p/N82E16814487522?Description=rtx%203080&cm_re=rtx_3080-_-14-487-522-_-Product
2020-09-20 18:44:27.241 INFO  checker.SeleniumAvailabilityChecker - SOLD_OUT : https://www.newegg.com/zotac-geforce-rtx-3080-zt-a30800d-10p/p/N82E16814500502?Description=rtx%203080&cm_re=rtx_3080-_-14-500-502-_-Product
2020-09-20 18:44:30.560 INFO  checker.SeleniumAvailabilityChecker - SOLD_OUT : https://www.newegg.com/evga-geforce-rtx-3080-10g-p5-3883-kr/p/N82E16814487521?Description=rtx%203080&cm_re=rtx_3080-_-14-487-521-_-Product
2020-09-20 18:44:33.848 INFO  checker.SeleniumAvailabilityChecker - SOLD_OUT : https://www.newegg.com/asus-geforce-rtx-3080-tuf-rtx3080-10g-gaming/p/N82E16814126453?Description=rtx%203080&cm_re=rtx_3080-_-14-126-453-_-Product
2020-09-20 18:44:37.115 INFO  checker.SeleniumAvailabilityChecker - SOLD_OUT : https://www.newegg.com/asus-geforce-rtx-3080-rog-strix-rtx3080-o10g-gaming/p/N82E16814126457?Description=rtx%203080&cm_re=rtx_3080-_-14-126-457-_-Product
2020-09-20 18:44:40.091 INFO  checker.SeleniumAvailabilityChecker - SOLD_OUT : https://www.newegg.com/asus-geforce-rtx-3090-rog-strix-rtx3090-o24g-gaming/p/N82E16814126456?Description=rtx%203080&cm_re=rtx_3080-_-14-126-456-_-Product
2020-09-20 18:44:43.252 INFO  checker.SeleniumAvailabilityChecker - SOLD_OUT : https://www.newegg.com/msi-geforce-rtx-3090-rtx-3090-ventus-3x-24g/p/N82E16814137599?Description=rtx%203080&cm_re=rtx_3080-_-14-137-599-_-Product
2020-09-20 18:44:46.376 INFO  checker.SeleniumAvailabilityChecker - SOLD_OUT : https://www.newegg.com/msi-geforce-rtx-3090-rtx-3090-gaming-x-trio-24g/p/N82E16814137595?Description=rtx%203080&cm_re=rtx_3080-_-14-137-595-_-Product
2020-09-20 18:44:49.370 INFO  checker.SeleniumAvailabilityChecker - SOLD_OUT : https://www.newegg.com/gigabyte-geforce-rtx-3090-gv-n3090gaming-oc-24gd/p/N82E16814932327?Description=rtx%203080&cm_re=rtx_3080-_-14-932-327-_-Product
2020-09-20 18:44:52.388 INFO  checker.SeleniumAvailabilityChecker - SOLD_OUT : https://www.newegg.com/gigabyte-geforce-rtx-3090-gv-n3090eagle-oc-24gd/p/N82E16814932328?Description=rtx%203080&cm_re=rtx_3080-_-14-932-328-_-Product
2020-09-20 18:44:55.494 INFO  checker.SeleniumAvailabilityChecker - SOLD_OUT : https://www.newegg.com/msi-geforce-rtx-3090-rtx-3090-ventus-3x-24g-oc/p/N82E16814137596?Description=rtx%203080&cm_re=rtx_3080-_-14-137-596-_-Product
2020-09-20 18:45:03.168 INFO  checker.SeleniumAvailabilityChecker - SOLD_OUT : https://www.newegg.com/asus-geforce-rtx-3090-tuf-rtx3090-24g-gaming/p/N82E16814126455?Description=rtx%203080&cm_re=rtx_3080-_-14-126-455-_-Product
2020-09-20 18:45:06.348 INFO  checker.SeleniumAvailabilityChecker - SOLD_OUT : https://www.newegg.com/zotac-geforce-rtx-3090-zt-a30900d-10p/p/N82E16814500503?Description=rtx%203080&cm_re=rtx_3080-_-14-500-503-_-Product
2020-09-20 18:45:12.601 INFO  checker.SeleniumAvailabilityChecker - SOLD_OUT : https://www.newegg.com/asus-geforce-rtx-3090-tuf-rtx3090-o24g-gaming/p/N82E16814126454?Description=rtx%203080&cm_re=rtx_3080-_-14-126-454-_-Product
2020-09-20 18:45:15.845 INFO  checker.SeleniumAvailabilityChecker - SOLD_OUT : https://www.newegg.com/msi-geforce-rtx-3080-rtx-3080-ventus-3x-10g/p/N82E16814137600?Description=rtx%203080&cm_re=rtx_3080-_-14-137-600-_-Product
2020-09-20 18:45:22.808 INFO  checker.SeleniumAvailabilityChecker - SOLD_OUT : https://www.newegg.com/asus-geforce-rtx-3080-tuf-rtx3080-o10g-gaming/p/N82E16814126452?Description=rtx%203080&cm_re=rtx_3080-_-14-126-452-_-Product
2020-09-20 18:45:25.826 INFO  checker.SeleniumAvailabilityChecker - SOLD_OUT : https://www.newegg.com/zotac-geforce-rtx-3080-zt-t30800j-10p/p/N82E16814500504?Description=rtx%203080&cm_re=rtx_3080-_-14-500-504-_-Product
2020-09-20 18:45:26.781 INFO  checker.AvailabilityChecker - SOLD_OUT : https://www.bestbuy.com/site/nvidia-geforce-rtx-3080-10gb-gddr6x-pci-express-4-0-graphics-card-titanium-and-black/6429440.p?skuId=6429440
2020-09-20 18:45:27.500 INFO  checker.AvailabilityChecker - SOLD_OUT : https://www.bestbuy.com/site/gigabyte-geforce-rtx-3080-10g-gddr6x-pci-express-4-0-graphics-card-black/6430621.p?skuId=6430621
2020-09-20 18:45:28.405 INFO  checker.AvailabilityChecker - SOLD_OUT : https://www.bestbuy.com/site/msi-geforce-rtx-3080-ventus-3x-10g-oc-bv-gddr6x-pci-express-4-0-graphic-card-black-silver/6430175.p?skuId=6430175
2020-09-20 18:45:29.184 INFO  checker.AvailabilityChecker - SOLD_OUT : https://www.bestbuy.com/site/evga-geforce-rtx-3080-10gb-gddr6x-pci-express-4-0-graphics-card/6432399.p?skuId=6432399
2020-09-20 18:45:30.020 INFO  checker.AvailabilityChecker - SOLD_OUT : https://www.bestbuy.com/site/gigabyte-geforce-rtx-3080-10g-gddr6x-pci-express-4-0-graphics-card-black/6430620.p?skuId=6430620
2020-09-20 18:45:30.954 INFO  checker.AvailabilityChecker - SOLD_OUT : https://www.bestbuy.com/site/asus-geforce-rtx-3080-10gb-gddr6x-pci-express-4-0-strix-graphics-card-black/6432445.p?skuId=6432445
2020-09-20 18:45:31.927 INFO  checker.AvailabilityChecker - SOLD_OUT : https://www.bestbuy.com/site/evga-geforce-rtx-3080-10gb-gddr6x-pci-express-4-0-graphics-card/6432400.p?skuId=6432400
2020-09-20 18:45:34.451 INFO  checker.AvailabilityChecker - SOLD_OUT : https://www.evga.com/products/product.aspx?pn=10G-P5-3897-KR
2020-09-20 18:45:36.090 INFO  checker.AvailabilityChecker - SOLD_OUT : https://www.evga.com/products/product.aspx?pn=10G-P5-3881-KR
2020-09-20 18:45:37.414 INFO  checker.AvailabilityChecker - SOLD_OUT : https://www.evga.com/products/product.aspx?pn=10G-P5-3883-KR
2020-09-20 18:45:38.922 INFO  checker.AvailabilityChecker - SOLD_OUT : https://www.evga.com/products/product.aspx?pn=10G-P5-3885-KR
2020-09-20 18:45:43.398 INFO  checker.SeleniumAvailabilityChecker - SOLD_OUT : https://www.newegg.com/msi-geforce-rtx-3080-rtx-3080-gaming-x-trio-10g/p/N82E16814137597?Description=rtx%203080&cm_re=rtx_3080-_-14-137-597-_-Product&quicklink=true
2020-09-20 18:45:46.697 INFO  checker.SeleniumAvailabilityChecker - SOLD_OUT : https://www.newegg.com/msi-geforce-rtx-3080-rtx-3080-ventus-3x-10g-oc/p/N82E16814137598?Description=rtx%203080&cm_re=rtx_3080-_-14-137-598-_-Product&quicklink=true
2020-09-20 18:45:52.670 INFO  checker.SeleniumAvailabilityChecker - SOLD_OUT : https://www.newegg.com/gigabyte-geforce-rtx-3080-gv-n3080gaming-oc-10gd/p/N82E16814932329?Description=rtx%203080&cm_re=rtx_3080-_-14-932-329-_-Product&quicklink=true
2020-09-20 18:45:55.891 INFO  checker.SeleniumAvailabilityChecker - SOLD_OUT : https://www.newegg.com/gigabyte-geforce-rtx-3080-gv-n3080eagle-oc-10gd/p/N82E16814932330?Description=rtx%203080&cm_re=rtx_3080-_-14-932-330-_-Product
2020-09-20 18:45:58.922 INFO  checker.SeleniumAvailabilityChecker - SOLD_OUT : https://www.newegg.com/evga-geforce-rtx-3080-10g-p5-3881-kr/p/N82E16814487522?Description=rtx%203080&cm_re=rtx_3080-_-14-487-522-_-Product
2020-09-20 18:46:02.016 INFO  checker.SeleniumAvailabilityChecker - SOLD_OUT : https://www.newegg.com/zotac-geforce-rtx-3080-zt-a30800d-10p/p/N82E16814500502?Description=rtx%203080&cm_re=rtx_3080-_-14-500-502-_-Product
2020-09-20 18:46:05.202 INFO  checker.SeleniumAvailabilityChecker - SOLD_OUT : https://www.newegg.com/evga-geforce-rtx-3080-10g-p5-3883-kr/p/N82E16814487521?Description=rtx%203080&cm_re=rtx_3080-_-14-487-521-_-Product
2020-09-20 18:46:08.399 INFO  checker.SeleniumAvailabilityChecker - SOLD_OUT : https://www.newegg.com/asus-geforce-rtx-3080-tuf-rtx3080-10g-gaming/p/N82E16814126453?Description=rtx%203080&cm_re=rtx_3080-_-14-126-453-_-Product
2020-09-20 18:46:11.312 INFO  checker.SeleniumAvailabilityChecker - SOLD_OUT : https://www.newegg.com/asus-geforce-rtx-3080-rog-strix-rtx3080-o10g-gaming/p/N82E16814126457?Description=rtx%203080&cm_re=rtx_3080-_-14-126-457-_-Product
2020-09-20 18:46:14.368 INFO  checker.SeleniumAvailabilityChecker - SOLD_OUT : https://www.newegg.com/asus-geforce-rtx-3090-rog-strix-rtx3090-o24g-gaming/p/N82E16814126456?Description=rtx%203080&cm_re=rtx_3080-_-14-126-456-_-Product
2020-09-20 18:46:17.457 INFO  checker.SeleniumAvailabilityChecker - SOLD_OUT : https://www.newegg.com/msi-geforce-rtx-3090-rtx-3090-ventus-3x-24g/p/N82E16814137599?Description=rtx%203080&cm_re=rtx_3080-_-14-137-599-_-Product
2020-09-20 18:46:20.513 INFO  checker.SeleniumAvailabilityChecker - SOLD_OUT : https://www.newegg.com/msi-geforce-rtx-3090-rtx-3090-gaming-x-trio-24g/p/N82E16814137595?Description=rtx%203080&cm_re=rtx_3080-_-14-137-595-_-Product
2020-09-20 18:46:23.912 INFO  checker.SeleniumAvailabilityChecker - SOLD_OUT : https://www.newegg.com/gigabyte-geforce-rtx-3090-gv-n3090gaming-oc-24gd/p/N82E16814932327?Description=rtx%203080&cm_re=rtx_3080-_-14-932-327-_-Product
2020-09-20 18:46:27.071 INFO  checker.SeleniumAvailabilityChecker - SOLD_OUT : https://www.newegg.com/gigabyte-geforce-rtx-3090-gv-n3090eagle-oc-24gd/p/N82E16814932328?Description=rtx%203080&cm_re=rtx_3080-_-14-932-328-_-Product
2020-09-20 18:46:30.145 INFO  checker.SeleniumAvailabilityChecker - SOLD_OUT : https://www.newegg.com/msi-geforce-rtx-3090-rtx-3090-ventus-3x-24g-oc/p/N82E16814137596?Description=rtx%203080&cm_re=rtx_3080-_-14-137-596-_-Product
2020-09-20 18:46:36.844 INFO  checker.SeleniumAvailabilityChecker - SOLD_OUT : https://www.newegg.com/asus-geforce-rtx-3090-tuf-rtx3090-24g-gaming/p/N82E16814126455?Description=rtx%203080&cm_re=rtx_3080-_-14-126-455-_-Product
2020-09-20 18:46:40.047 INFO  checker.SeleniumAvailabilityChecker - SOLD_OUT : https://www.newegg.com/zotac-geforce-rtx-3090-zt-a30900d-10p/p/N82E16814500503?Description=rtx%203080&cm_re=rtx_3080-_-14-500-503-_-Product
2020-09-20 18:46:43.387 INFO  checker.SeleniumAvailabilityChecker - SOLD_OUT : https://www.newegg.com/asus-geforce-rtx-3090-tuf-rtx3090-o24g-gaming/p/N82E16814126454?Description=rtx%203080&cm_re=rtx_3080-_-14-126-454-_-Product
2020-09-20 18:46:46.459 INFO  checker.SeleniumAvailabilityChecker - SOLD_OUT : https://www.newegg.com/msi-geforce-rtx-3080-rtx-3080-ventus-3x-10g/p/N82E16814137600?Description=rtx%203080&cm_re=rtx_3080-_-14-137-600-_-Product
2020-09-20 18:46:49.812 INFO  checker.SeleniumAvailabilityChecker - SOLD_OUT : https://www.newegg.com/asus-geforce-rtx-3080-tuf-rtx3080-o10g-gaming/p/N82E16814126452?Description=rtx%203080&cm_re=rtx_3080-_-14-126-452-_-Product
2020-09-20 18:46:53.017 INFO  checker.SeleniumAvailabilityChecker - SOLD_OUT : https://www.newegg.com/zotac-geforce-rtx-3080-zt-t30800j-10p/p/N82E16814500504?Description=rtx%203080&cm_re=rtx_3080-_-14-500-504-_-Product
2020-09-20 18:46:53.753 INFO  checker.AvailabilityChecker - SOLD_OUT : https://www.bestbuy.com/site/nvidia-geforce-rtx-3080-10gb-gddr6x-pci-express-4-0-graphics-card-titanium-and-black/6429440.p?skuId=6429440
2020-09-20 18:46:54.710 INFO  checker.AvailabilityChecker - SOLD_OUT : https://www.bestbuy.com/site/gigabyte-geforce-rtx-3080-10g-gddr6x-pci-express-4-0-graphics-card-black/6430621.p?skuId=6430621
2020-09-20 18:46:55.601 INFO  checker.AvailabilityChecker - SOLD_OUT : https://www.bestbuy.com/site/msi-geforce-rtx-3080-ventus-3x-10g-oc-bv-gddr6x-pci-express-4-0-graphic-card-black-silver/6430175.p?skuId=6430175
2020-09-20 18:46:56.470 INFO  checker.AvailabilityChecker - SOLD_OUT : https://www.bestbuy.com/site/evga-geforce-rtx-3080-10gb-gddr6x-pci-express-4-0-graphics-card/6432399.p?skuId=6432399
2020-09-20 18:46:57.317 INFO  checker.AvailabilityChecker - SOLD_OUT : https://www.bestbuy.com/site/gigabyte-geforce-rtx-3080-10g-gddr6x-pci-express-4-0-graphics-card-black/6430620.p?skuId=6430620
2020-09-20 18:46:58.638 INFO  checker.AvailabilityChecker - SOLD_OUT : https://www.bestbuy.com/site/asus-geforce-rtx-3080-10gb-gddr6x-pci-express-4-0-strix-graphics-card-black/6432445.p?skuId=6432445
2020-09-20 18:46:59.566 INFO  checker.AvailabilityChecker - SOLD_OUT : https://www.bestbuy.com/site/evga-geforce-rtx-3080-10gb-gddr6x-pci-express-4-0-graphics-card/6432400.p?skuId=6432400
2020-09-20 18:47:00.294 INFO  checker.AvailabilityChecker - SOLD_OUT : https://www.evga.com/products/product.aspx?pn=10G-P5-3897-KR
2020-09-20 18:47:00.944 INFO  checker.AvailabilityChecker - SOLD_OUT : https://www.evga.com/products/product.aspx?pn=10G-P5-3881-KR
2020-09-20 18:47:01.799 INFO  checker.AvailabilityChecker - SOLD_OUT : https://www.evga.com/products/product.aspx?pn=10G-P5-3883-KR
2020-09-20 18:47:02.997 INFO  checker.AvailabilityChecker - SOLD_OUT : https://www.evga.com/products/product.aspx?pn=10G-P5-3885-KR
2020-09-20 18:47:06.168 INFO  checker.SeleniumAvailabilityChecker - SOLD_OUT : https://www.newegg.com/msi-geforce-rtx-3080-rtx-3080-gaming-x-trio-10g/p/N82E16814137597?Description=rtx%203080&cm_re=rtx_3080-_-14-137-597-_-Product&quicklink=true
2020-09-20 18:47:09.282 INFO  checker.SeleniumAvailabilityChecker - SOLD_OUT : https://www.newegg.com/msi-geforce-rtx-3080-rtx-3080-ventus-3x-10g-oc/p/N82E16814137598?Description=rtx%203080&cm_re=rtx_3080-_-14-137-598-_-Product&quicklink=true
2020-09-20 18:47:12.421 INFO  checker.SeleniumAvailabilityChecker - SOLD_OUT : https://www.newegg.com/gigabyte-geforce-rtx-3080-gv-n3080gaming-oc-10gd/p/N82E16814932329?Description=rtx%203080&cm_re=rtx_3080-_-14-932-329-_-Product&quicklink=true
2020-09-20 18:47:15.452 INFO  checker.SeleniumAvailabilityChecker - SOLD_OUT : https://www.newegg.com/gigabyte-geforce-rtx-3080-gv-n3080eagle-oc-10gd/p/N82E16814932330?Description=rtx%203080&cm_re=rtx_3080-_-14-932-330-_-Product
2020-09-20 18:47:18.512 INFO  checker.SeleniumAvailabilityChecker - SOLD_OUT : https://www.newegg.com/evga-geforce-rtx-3080-10g-p5-3881-kr/p/N82E16814487522?Description=rtx%203080&cm_re=rtx_3080-_-14-487-522-_-Product
2020-09-20 18:47:21.679 INFO  checker.SeleniumAvailabilityChecker - SOLD_OUT : https://www.newegg.com/zotac-geforce-rtx-3080-zt-a30800d-10p/p/N82E16814500502?Description=rtx%203080&cm_re=rtx_3080-_-14-500-502-_-Product
2020-09-20 18:47:24.886 INFO  checker.SeleniumAvailabilityChecker - SOLD_OUT : https://www.newegg.com/evga-geforce-rtx-3080-10g-p5-3883-kr/p/N82E16814487521?Description=rtx%203080&cm_re=rtx_3080-_-14-487-521-_-Product
2020-09-20 18:47:31.060 INFO  checker.SeleniumAvailabilityChecker - SOLD_OUT : https://www.newegg.com/asus-geforce-rtx-3080-tuf-rtx3080-10g-gaming/p/N82E16814126453?Description=rtx%203080&cm_re=rtx_3080-_-14-126-453-_-Product
2020-09-20 18:47:34.203 INFO  checker.SeleniumAvailabilityChecker - SOLD_OUT : https://www.newegg.com/asus-geforce-rtx-3080-rog-strix-rtx3080-o10g-gaming/p/N82E16814126457?Description=rtx%203080&cm_re=rtx_3080-_-14-126-457-_-Product
2020-09-20 18:47:37.255 INFO  checker.SeleniumAvailabilityChecker - SOLD_OUT : https://www.newegg.com/asus-geforce-rtx-3090-rog-strix-rtx3090-o24g-gaming/p/N82E16814126456?Description=rtx%203080&cm_re=rtx_3080-_-14-126-456-_-Product
2020-09-20 18:47:40.310 INFO  checker.SeleniumAvailabilityChecker - SOLD_OUT : https://www.newegg.com/msi-geforce-rtx-3090-rtx-3090-ventus-3x-24g/p/N82E16814137599?Description=rtx%203080&cm_re=rtx_3080-_-14-137-599-_-Product
2020-09-20 18:47:43.539 INFO  checker.SeleniumAvailabilityChecker - SOLD_OUT : https://www.newegg.com/msi-geforce-rtx-3090-rtx-3090-gaming-x-trio-24g/p/N82E16814137595?Description=rtx%203080&cm_re=rtx_3080-_-14-137-595-_-Product
2020-09-20 18:47:46.627 INFO  checker.SeleniumAvailabilityChecker - SOLD_OUT : https://www.newegg.com/gigabyte-geforce-rtx-3090-gv-n3090gaming-oc-24gd/p/N82E16814932327?Description=rtx%203080&cm_re=rtx_3080-_-14-932-327-_-Product
2020-09-20 18:47:49.630 INFO  checker.SeleniumAvailabilityChecker - SOLD_OUT : https://www.newegg.com/gigabyte-geforce-rtx-3090-gv-n3090eagle-oc-24gd/p/N82E16814932328?Description=rtx%203080&cm_re=rtx_3080-_-14-932-328-_-Product
2020-09-20 18:47:52.805 INFO  checker.SeleniumAvailabilityChecker - SOLD_OUT : https://www.newegg.com/msi-geforce-rtx-3090-rtx-3090-ventus-3x-24g-oc/p/N82E16814137596?Description=rtx%203080&cm_re=rtx_3080-_-14-137-596-_-Product
2020-09-20 18:47:59.361 INFO  checker.SeleniumAvailabilityChecker - SOLD_OUT : https://www.newegg.com/asus-geforce-rtx-3090-tuf-rtx3090-24g-gaming/p/N82E16814126455?Description=rtx%203080&cm_re=rtx_3080-_-14-126-455-_-Product
2020-09-20 18:48:02.394 INFO  checker.SeleniumAvailabilityChecker - SOLD_OUT : https://www.newegg.com/zotac-geforce-rtx-3090-zt-a30900d-10p/p/N82E16814500503?Description=rtx%203080&cm_re=rtx_3080-_-14-500-503-_-Product
2020-09-20 18:48:05.538 INFO  checker.SeleniumAvailabilityChecker - SOLD_OUT : https://www.newegg.com/asus-geforce-rtx-3090-tuf-rtx3090-o24g-gaming/p/N82E16814126454?Description=rtx%203080&cm_re=rtx_3080-_-14-126-454-_-Product
2020-09-20 18:48:08.750 INFO  checker.SeleniumAvailabilityChecker - SOLD_OUT : https://www.newegg.com/msi-geforce-rtx-3080-rtx-3080-ventus-3x-10g/p/N82E16814137600?Description=rtx%203080&cm_re=rtx_3080-_-14-137-600-_-Product
2020-09-20 18:53:27.336 INFO  checker.SeleniumAvailabilityChecker - SOLD_OUT : https://www.newegg.com/msi-geforce-rtx-3080-rtx-3080-gaming-x-trio-10g/p/N82E16814137597?Description=rtx%203080&cm_re=rtx_3080-_-14-137-597-_-Product&quicklink=true
2020-09-20 18:53:30.661 INFO  checker.SeleniumAvailabilityChecker - SOLD_OUT : https://www.newegg.com/msi-geforce-rtx-3080-rtx-3080-ventus-3x-10g-oc/p/N82E16814137598?Description=rtx%203080&cm_re=rtx_3080-_-14-137-598-_-Product&quicklink=true
2020-09-20 18:53:34.397 INFO  checker.SeleniumAvailabilityChecker - SOLD_OUT : https://www.newegg.com/gigabyte-geforce-rtx-3080-gv-n3080gaming-oc-10gd/p/N82E16814932329?Description=rtx%203080&cm_re=rtx_3080-_-14-932-329-_-Product&quicklink=true
2020-09-20 18:53:40.967 INFO  checker.SeleniumAvailabilityChecker - SOLD_OUT : https://www.newegg.com/gigabyte-geforce-rtx-3080-gv-n3080eagle-oc-10gd/p/N82E16814932330?Description=rtx%203080&cm_re=rtx_3080-_-14-932-330-_-Product
2020-09-20 18:53:44.591 INFO  checker.SeleniumAvailabilityChecker - SOLD_OUT : https://www.newegg.com/evga-geforce-rtx-3080-10g-p5-3881-kr/p/N82E16814487522?Description=rtx%203080&cm_re=rtx_3080-_-14-487-522-_-Product
2020-09-20 18:53:47.964 INFO  checker.SeleniumAvailabilityChecker - SOLD_OUT : https://www.newegg.com/zotac-geforce-rtx-3080-zt-a30800d-10p/p/N82E16814500502?Description=rtx%203080&cm_re=rtx_3080-_-14-500-502-_-Product
2020-09-20 18:53:51.350 INFO  checker.SeleniumAvailabilityChecker - SOLD_OUT : https://www.newegg.com/evga-geforce-rtx-3080-10g-p5-3883-kr/p/N82E16814487521?Description=rtx%203080&cm_re=rtx_3080-_-14-487-521-_-Product
2020-09-20 19:10:47.299 INFO  checker.SeleniumAvailabilityChecker - SOLD_OUT : https://www.newegg.com/msi-geforce-rtx-3080-rtx-3080-gaming-x-trio-10g/p/N82E16814137597?Description=rtx%203080&cm_re=rtx_3080-_-14-137-597-_-Product&quicklink=true
2020-09-20 19:10:50.500 INFO  checker.SeleniumAvailabilityChecker - SOLD_OUT : https://www.newegg.com/msi-geforce-rtx-3080-rtx-3080-ventus-3x-10g-oc/p/N82E16814137598?Description=rtx%203080&cm_re=rtx_3080-_-14-137-598-_-Product&quicklink=true
2020-09-20 19:15:16.938 INFO  checker.SeleniumAvailabilityChecker - SOLD_OUT : https://www.newegg.com/msi-geforce-rtx-3080-rtx-3080-gaming-x-trio-10g/p/N82E16814137597?Description=rtx%203080&cm_re=rtx_3080-_-14-137-597-_-Product&quicklink=true
2020-09-20 19:15:20.572 INFO  checker.SeleniumAvailabilityChecker - SOLD_OUT : https://www.newegg.com/msi-geforce-rtx-3080-rtx-3080-ventus-3x-10g-oc/p/N82E16814137598?Description=rtx%203080&cm_re=rtx_3080-_-14-137-598-_-Product&quicklink=true
2020-09-20 19:15:24.064 INFO  checker.SeleniumAvailabilityChecker - SOLD_OUT : https://www.newegg.com/gigabyte-geforce-rtx-3080-gv-n3080gaming-oc-10gd/p/N82E16814932329?Description=rtx%203080&cm_re=rtx_3080-_-14-932-329-_-Product&quicklink=true
2020-09-20 19:15:27.494 INFO  checker.SeleniumAvailabilityChecker - SOLD_OUT : https://www.newegg.com/gigabyte-geforce-rtx-3080-gv-n3080eagle-oc-10gd/p/N82E16814932330?Description=rtx%203080&cm_re=rtx_3080-_-14-932-330-_-Product
2020-09-20 19:15:30.826 INFO  checker.SeleniumAvailabilityChecker - SOLD_OUT : https://www.newegg.com/evga-geforce-rtx-3080-10g-p5-3881-kr/p/N82E16814487522?Description=rtx%203080&cm_re=rtx_3080-_-14-487-522-_-Product
2020-09-20 19:17:11.047 INFO  checker.SeleniumAvailabilityChecker - SOLD_OUT : https://www.newegg.com/msi-geforce-rtx-3080-rtx-3080-gaming-x-trio-10g/p/N82E16814137597?Description=rtx%203080&cm_re=rtx_3080-_-14-137-597-_-Product&quicklink=true
2020-09-20 19:18:38.132 INFO  checker.SeleniumAvailabilityChecker - SOLD_OUT : https://www.newegg.com/msi-geforce-rtx-3080-rtx-3080-gaming-x-trio-10g/p/N82E16814137597?Description=rtx%203080&cm_re=rtx_3080-_-14-137-597-_-Product&quicklink=true
2020-09-20 19:18:41.602 INFO  checker.SeleniumAvailabilityChecker - SOLD_OUT : https://www.newegg.com/msi-geforce-rtx-3080-rtx-3080-ventus-3x-10g-oc/p/N82E16814137598?Description=rtx%203080&cm_re=rtx_3080-_-14-137-598-_-Product&quicklink=true
2020-09-20 19:18:45.151 INFO  checker.SeleniumAvailabilityChecker - SOLD_OUT : https://www.newegg.com/gigabyte-geforce-rtx-3080-gv-n3080gaming-oc-10gd/p/N82E16814932329?Description=rtx%203080&cm_re=rtx_3080-_-14-932-329-_-Product&quicklink=true
2020-09-20 19:33:35.866 INFO  checker.SeleniumAvailabilityChecker - SOLD_OUT : https://www.newegg.com/msi-geforce-rtx-3080-rtx-3080-gaming-x-trio-10g/p/N82E16814137597?Description=rtx%203080&cm_re=rtx_3080-_-14-137-597-_-Product&quicklink=true
2020-09-20 19:33:39.546 INFO  checker.SeleniumAvailabilityChecker - SOLD_OUT : https://www.newegg.com/msi-geforce-rtx-3080-rtx-3080-ventus-3x-10g-oc/p/N82E16814137598?Description=rtx%203080&cm_re=rtx_3080-_-14-137-598-_-Product&quicklink=true
2020-09-20 19:33:42.908 INFO  checker.SeleniumAvailabilityChecker - SOLD_OUT : https://www.newegg.com/gigabyte-geforce-rtx-3080-gv-n3080gaming-oc-10gd/p/N82E16814932329?Description=rtx%203080&cm_re=rtx_3080-_-14-932-329-_-Product&quicklink=true
2020-09-20 19:33:48.828 INFO  checker.SeleniumAvailabilityChecker - SOLD_OUT : https://www.newegg.com/gigabyte-geforce-rtx-3080-gv-n3080eagle-oc-10gd/p/N82E16814932330?Description=rtx%203080&cm_re=rtx_3080-_-14-932-330-_-Product
2020-09-20 19:33:52.207 INFO  checker.SeleniumAvailabilityChecker - SOLD_OUT : https://www.newegg.com/evga-geforce-rtx-3080-10g-p5-3881-kr/p/N82E16814487522?Description=rtx%203080&cm_re=rtx_3080-_-14-487-522-_-Product
2020-09-20 19:33:55.468 INFO  checker.SeleniumAvailabilityChecker - SOLD_OUT : https://www.newegg.com/zotac-geforce-rtx-3080-zt-a30800d-10p/p/N82E16814500502?Description=rtx%203080&cm_re=rtx_3080-_-14-500-502-_-Product
2020-09-20 19:33:58.766 INFO  checker.SeleniumAvailabilityChecker - SOLD_OUT : https://www.newegg.com/evga-geforce-rtx-3080-10g-p5-3883-kr/p/N82E16814487521?Description=rtx%203080&cm_re=rtx_3080-_-14-487-521-_-Product
2020-09-20 19:34:02.341 INFO  checker.SeleniumAvailabilityChecker - SOLD_OUT : https://www.newegg.com/asus-geforce-rtx-3080-tuf-rtx3080-10g-gaming/p/N82E16814126453?Description=rtx%203080&cm_re=rtx_3080-_-14-126-453-_-Product
2020-09-20 19:34:05.608 INFO  checker.SeleniumAvailabilityChecker - SOLD_OUT : https://www.newegg.com/asus-geforce-rtx-3080-rog-strix-rtx3080-o10g-gaming/p/N82E16814126457?Description=rtx%203080&cm_re=rtx_3080-_-14-126-457-_-Product
2020-09-20 19:34:08.740 INFO  checker.SeleniumAvailabilityChecker - SOLD_OUT : https://www.newegg.com/asus-geforce-rtx-3090-rog-strix-rtx3090-o24g-gaming/p/N82E16814126456?Description=rtx%203080&cm_re=rtx_3080-_-14-126-456-_-Product
2020-09-20 19:34:11.911 INFO  checker.SeleniumAvailabilityChecker - SOLD_OUT : https://www.newegg.com/msi-geforce-rtx-3090-rtx-3090-ventus-3x-24g/p/N82E16814137599?Description=rtx%203080&cm_re=rtx_3080-_-14-137-599-_-Product
2020-09-20 19:34:15.312 INFO  checker.SeleniumAvailabilityChecker - SOLD_OUT : https://www.newegg.com/msi-geforce-rtx-3090-rtx-3090-gaming-x-trio-24g/p/N82E16814137595?Description=rtx%203080&cm_re=rtx_3080-_-14-137-595-_-Product
2020-09-20 19:34:18.531 INFO  checker.SeleniumAvailabilityChecker - SOLD_OUT : https://www.newegg.com/gigabyte-geforce-rtx-3090-gv-n3090gaming-oc-24gd/p/N82E16814932327?Description=rtx%203080&cm_re=rtx_3080-_-14-932-327-_-Product
2020-09-20 19:34:21.836 INFO  checker.SeleniumAvailabilityChecker - SOLD_OUT : https://www.newegg.com/gigabyte-geforce-rtx-3090-gv-n3090eagle-oc-24gd/p/N82E16814932328?Description=rtx%203080&cm_re=rtx_3080-_-14-932-328-_-Product
2020-09-20 19:34:25.463 INFO  checker.SeleniumAvailabilityChecker - SOLD_OUT : https://www.newegg.com/msi-geforce-rtx-3090-rtx-3090-ventus-3x-24g-oc/p/N82E16814137596?Description=rtx%203080&cm_re=rtx_3080-_-14-137-596-_-Product
2020-09-20 19:34:31.993 INFO  checker.SeleniumAvailabilityChecker - SOLD_OUT : https://www.newegg.com/asus-geforce-rtx-3090-tuf-rtx3090-24g-gaming/p/N82E16814126455?Description=rtx%203080&cm_re=rtx_3080-_-14-126-455-_-Product
2020-09-20 19:34:35.457 INFO  checker.SeleniumAvailabilityChecker - SOLD_OUT : https://www.newegg.com/zotac-geforce-rtx-3090-zt-a30900d-10p/p/N82E16814500503?Description=rtx%203080&cm_re=rtx_3080-_-14-500-503-_-Product
2020-09-20 19:34:41.999 INFO  checker.SeleniumAvailabilityChecker - SOLD_OUT : https://www.newegg.com/asus-geforce-rtx-3090-tuf-rtx3090-o24g-gaming/p/N82E16814126454?Description=rtx%203080&cm_re=rtx_3080-_-14-126-454-_-Product
2020-09-20 19:34:45.230 INFO  checker.SeleniumAvailabilityChecker - SOLD_OUT : https://www.newegg.com/msi-geforce-rtx-3080-rtx-3080-ventus-3x-10g/p/N82E16814137600?Description=rtx%203080&cm_re=rtx_3080-_-14-137-600-_-Product
2020-09-20 19:34:48.479 INFO  checker.SeleniumAvailabilityChecker - SOLD_OUT : https://www.newegg.com/asus-geforce-rtx-3080-tuf-rtx3080-o10g-gaming/p/N82E16814126452?Description=rtx%203080&cm_re=rtx_3080-_-14-126-452-_-Product
2020-09-20 19:34:51.602 INFO  checker.SeleniumAvailabilityChecker - SOLD_OUT : https://www.newegg.com/zotac-geforce-rtx-3080-zt-t30800j-10p/p/N82E16814500504?Description=rtx%203080&cm_re=rtx_3080-_-14-500-504-_-Product
2020-09-20 19:34:52.611 INFO  checker.AvailabilityChecker - SOLD_OUT : https://www.bestbuy.com/site/nvidia-geforce-rtx-3080-10gb-gddr6x-pci-express-4-0-graphics-card-titanium-and-black/6429440.p?skuId=6429440
2020-09-20 19:34:53.522 INFO  checker.AvailabilityChecker - SOLD_OUT : https://www.bestbuy.com/site/gigabyte-geforce-rtx-3080-10g-gddr6x-pci-express-4-0-graphics-card-black/6430621.p?skuId=6430621
2020-09-20 19:34:54.524 INFO  checker.AvailabilityChecker - SOLD_OUT : https://www.bestbuy.com/site/msi-geforce-rtx-3080-ventus-3x-10g-oc-bv-gddr6x-pci-express-4-0-graphic-card-black-silver/6430175.p?skuId=6430175
2020-09-20 19:34:56.201 INFO  checker.AvailabilityChecker - SOLD_OUT : https://www.bestbuy.com/site/evga-geforce-rtx-3080-10gb-gddr6x-pci-express-4-0-graphics-card/6432399.p?skuId=6432399
2020-09-20 19:34:56.910 INFO  checker.AvailabilityChecker - SOLD_OUT : https://www.bestbuy.com/site/gigabyte-geforce-rtx-3080-10g-gddr6x-pci-express-4-0-graphics-card-black/6430620.p?skuId=6430620
2020-09-20 19:34:57.835 INFO  checker.AvailabilityChecker - SOLD_OUT : https://www.bestbuy.com/site/asus-geforce-rtx-3080-10gb-gddr6x-pci-express-4-0-strix-graphics-card-black/6432445.p?skuId=6432445
2020-09-20 19:34:58.736 INFO  checker.AvailabilityChecker - SOLD_OUT : https://www.bestbuy.com/site/evga-geforce-rtx-3080-10gb-gddr6x-pci-express-4-0-graphics-card/6432400.p?skuId=6432400
2020-09-20 19:35:00.390 INFO  checker.AvailabilityChecker - SOLD_OUT : https://www.evga.com/products/product.aspx?pn=10G-P5-3897-KR
2020-09-20 19:35:01.167 INFO  checker.AvailabilityChecker - SOLD_OUT : https://www.evga.com/products/product.aspx?pn=10G-P5-3881-KR
2020-09-20 19:35:04.664 INFO  checker.AvailabilityChecker - SOLD_OUT : https://www.evga.com/products/product.aspx?pn=10G-P5-3883-KR
2020-09-20 19:35:06.091 INFO  checker.AvailabilityChecker - SOLD_OUT : https://www.evga.com/products/product.aspx?pn=10G-P5-3885-KR
2020-09-20 19:35:10.523 INFO  checker.SeleniumAvailabilityChecker - SOLD_OUT : https://www.newegg.com/msi-geforce-rtx-3080-rtx-3080-gaming-x-trio-10g/p/N82E16814137597?Description=rtx%203080&cm_re=rtx_3080-_-14-137-597-_-Product&quicklink=true
2020-09-20 19:35:13.876 INFO  checker.SeleniumAvailabilityChecker - SOLD_OUT : https://www.newegg.com/msi-geforce-rtx-3080-rtx-3080-ventus-3x-10g-oc/p/N82E16814137598?Description=rtx%203080&cm_re=rtx_3080-_-14-137-598-_-Product&quicklink=true
2020-09-20 19:35:17.316 INFO  checker.SeleniumAvailabilityChecker - SOLD_OUT : https://www.newegg.com/gigabyte-geforce-rtx-3080-gv-n3080gaming-oc-10gd/p/N82E16814932329?Description=rtx%203080&cm_re=rtx_3080-_-14-932-329-_-Product&quicklink=true
2020-09-20 19:35:20.554 INFO  checker.SeleniumAvailabilityChecker - SOLD_OUT : https://www.newegg.com/gigabyte-geforce-rtx-3080-gv-n3080eagle-oc-10gd/p/N82E16814932330?Description=rtx%203080&cm_re=rtx_3080-_-14-932-330-_-Product
2020-09-20 19:35:23.700 INFO  checker.SeleniumAvailabilityChecker - SOLD_OUT : https://www.newegg.com/evga-geforce-rtx-3080-10g-p5-3881-kr/p/N82E16814487522?Description=rtx%203080&cm_re=rtx_3080-_-14-487-522-_-Product
2020-09-20 19:35:27.030 INFO  checker.SeleniumAvailabilityChecker - SOLD_OUT : https://www.newegg.com/zotac-geforce-rtx-3080-zt-a30800d-10p/p/N82E16814500502?Description=rtx%203080&cm_re=rtx_3080-_-14-500-502-_-Product
2020-09-20 19:35:33.284 INFO  checker.SeleniumAvailabilityChecker - SOLD_OUT : https://www.newegg.com/evga-geforce-rtx-3080-10g-p5-3883-kr/p/N82E16814487521?Description=rtx%203080&cm_re=rtx_3080-_-14-487-521-_-Product
2020-09-20 19:35:36.755 INFO  checker.SeleniumAvailabilityChecker - SOLD_OUT : https://www.newegg.com/asus-geforce-rtx-3080-tuf-rtx3080-10g-gaming/p/N82E16814126453?Description=rtx%203080&cm_re=rtx_3080-_-14-126-453-_-Product
2020-09-20 19:35:41.782 INFO  checker.SeleniumAvailabilityChecker - SOLD_OUT : https://www.newegg.com/asus-geforce-rtx-3080-rog-strix-rtx3080-o10g-gaming/p/N82E16814126457?Description=rtx%203080&cm_re=rtx_3080-_-14-126-457-_-Product
2020-09-20 19:35:45.209 INFO  checker.SeleniumAvailabilityChecker - SOLD_OUT : https://www.newegg.com/asus-geforce-rtx-3090-rog-strix-rtx3090-o24g-gaming/p/N82E16814126456?Description=rtx%203080&cm_re=rtx_3080-_-14-126-456-_-Product
